[2024-07-26 10:23:39 UTC+02:00] [22656] ...lugins\cyber_engine_tweaks\mods\UltraPlus\setquality.lua:279: attempt to index upvalue 'Cyberpunk' (a nil value)
stack traceback:
	...lugins\cyber_engine_tweaks\mods\UltraPlus\setquality.lua:279: in function 'SetQuality'
	...64\plugins\cyber_engine_tweaks\mods\UltraPlus\render.lua:52: in function 'func'
	...lugins\cyber_engine_tweaks\mods\UltraPlus\helpers\ui.lua:97: in function 'tab'
	...64\plugins\cyber_engine_tweaks\mods\UltraPlus\render.lua:243: in function 'func'
	...lugins\cyber_engine_tweaks\mods\UltraPlus\helpers\ui.lua:106: in function 'tabBar'
	...64\plugins\cyber_engine_tweaks\mods\UltraPlus\render.lua:242: in function 'renderTabs'
	...64\plugins\cyber_engine_tweaks\mods\UltraPlus\render.lua:263: in function 'func'
	...lugins\cyber_engine_tweaks\mods\UltraPlus\helpers\ui.lua:66: in function 'window'
	...64\plugins\cyber_engine_tweaks\mods\UltraPlus\render.lua:262: in function 'renderUI'
	init.lua:616: in function <init.lua:611>
[2024-07-26 10:23:41 UTC+02:00] [22656] ...ins\cyber_engine_tweaks\mods\UltraPlus\setscenescale.lua:27: attempt to index upvalue 'Cyberpunk' (a nil value)
stack traceback:
	...ins\cyber_engine_tweaks\mods\UltraPlus\setscenescale.lua:27: in function 'SetSceneScale'
	...64\plugins\cyber_engine_tweaks\mods\UltraPlus\render.lua:73: in function 'func'
	...lugins\cyber_engine_tweaks\mods\UltraPlus\helpers\ui.lua:97: in function 'tab'
	...64\plugins\cyber_engine_tweaks\mods\UltraPlus\render.lua:243: in function 'func'
	...lugins\cyber_engine_tweaks\mods\UltraPlus\helpers\ui.lua:106: in function 'tabBar'
	...64\plugins\cyber_engine_tweaks\mods\UltraPlus\render.lua:242: in function 'renderTabs'
	...64\plugins\cyber_engine_tweaks\mods\UltraPlus\render.lua:263: in function 'func'
	...lugins\cyber_engine_tweaks\mods\UltraPlus\helpers\ui.lua:66: in function 'window'
	...64\plugins\cyber_engine_tweaks\mods\UltraPlus\render.lua:262: in function 'renderUI'
	init.lua:616: in function <init.lua:611>
[2024-07-26 10:23:42 UTC+02:00] [22656] ...4\plugins\cyber_engine_tweaks\mods\UltraPlus\setvram.lua:161: attempt to index upvalue 'Cyberpunk' (a nil value)
stack traceback:
	...4\plugins\cyber_engine_tweaks\mods\UltraPlus\setvram.lua:161: in function 'SetVram'
	...64\plugins\cyber_engine_tweaks\mods\UltraPlus\render.lua:111: in function 'func'
	...lugins\cyber_engine_tweaks\mods\UltraPlus\helpers\ui.lua:97: in function 'tab'
	...64\plugins\cyber_engine_tweaks\mods\UltraPlus\render.lua:243: in function 'func'
	...lugins\cyber_engine_tweaks\mods\UltraPlus\helpers\ui.lua:106: in function 'tabBar'
	...64\plugins\cyber_engine_tweaks\mods\UltraPlus\render.lua:242: in function 'renderTabs'
	...64\plugins\cyber_engine_tweaks\mods\UltraPlus\render.lua:263: in function 'func'
	...lugins\cyber_engine_tweaks\mods\UltraPlus\helpers\ui.lua:66: in function 'window'
	...64\plugins\cyber_engine_tweaks\mods\UltraPlus\render.lua:262: in function 'renderUI'
	init.lua:616: in function <init.lua:611>
[2024-07-26 10:23:43 UTC+02:00] [22656] ...4\plugins\cyber_engine_tweaks\mods\UltraPlus\setvram.lua:161: attempt to index upvalue 'Cyberpunk' (a nil value)
stack traceback:
	...4\plugins\cyber_engine_tweaks\mods\UltraPlus\setvram.lua:161: in function 'SetVram'
	...64\plugins\cyber_engine_tweaks\mods\UltraPlus\render.lua:129: in function 'func'
	...lugins\cyber_engine_tweaks\mods\UltraPlus\helpers\ui.lua:97: in function 'tab'
	...64\plugins\cyber_engine_tweaks\mods\UltraPlus\render.lua:243: in function 'func'
	...lugins\cyber_engine_tweaks\mods\UltraPlus\helpers\ui.lua:106: in function 'tabBar'
	...64\plugins\cyber_engine_tweaks\mods\UltraPlus\render.lua:242: in function 'renderTabs'
	...64\plugins\cyber_engine_tweaks\mods\UltraPlus\render.lua:263: in function 'func'
	...lugins\cyber_engine_tweaks\mods\UltraPlus\helpers\ui.lua:66: in function 'window'
	...64\plugins\cyber_engine_tweaks\mods\UltraPlus\render.lua:262: in function 'renderUI'
	init.lua:616: in function <init.lua:611>
[2024-07-26 10:25:05 UTC+02:00] [22656] ...ber_engine_tweaks\mods\UltraPlus\perceptualautoscale.lua:71: attempt to index upvalue 'Cyberpunk' (a nil value)
stack traceback:
	...ber_engine_tweaks\mods\UltraPlus\perceptualautoscale.lua:71: in function 'AutoScale'
	init.lua:488: in function 'doLazyUpdate'
	init.lua:520: in function <init.lua:506>
[2024-07-26 10:25:05 UTC+02:00] [22656] ...ber_engine_tweaks\mods\UltraPlus\perceptualautoscale.lua:89: attempt to index upvalue 'Cyberpunk' (a nil value)
stack traceback:
	...ber_engine_tweaks\mods\UltraPlus\perceptualautoscale.lua:89: in function 'AutoScale'
	init.lua:488: in function 'doLazyUpdate'
	init.lua:520: in function <init.lua:506>
[2024-07-26 10:25:05 UTC+02:00] [22656] ...ber_engine_tweaks\mods\UltraPlus\perceptualautoscale.lua:107: attempt to index upvalue 'Cyberpunk' (a nil value)
stack traceback:
	...ber_engine_tweaks\mods\UltraPlus\perceptualautoscale.lua:107: in function 'AutoScale'
	init.lua:488: in function 'doLazyUpdate'
	init.lua:520: in function <init.lua:506>
[2024-07-26 10:29:06 UTC+02:00] [25524] ...lugins\cyber_engine_tweaks\mods\UltraPlus\setquality.lua:279: attempt to index upvalue 'Cyberpunk' (a nil value)
stack traceback:
	...lugins\cyber_engine_tweaks\mods\UltraPlus\setquality.lua:279: in function 'SetQuality'
	init.lua:549: in function 'initUltraPlus'
	init.lua:598: in function <init.lua:562>
[2024-07-26 10:30:16 UTC+02:00] [25544] Error: Cannot load module 'helpers/config': ...ns\cyber_engine_tweaks\mods\UltraPlus\helpers\config.lua:5: attempt to index a nil value
stack traceback:
	...ns\cyber_engine_tweaks\mods\UltraPlus\helpers\config.lua:5: in main chunk
	[C]: in function 'require'
	...cyber_engine_tweaks\mods\UltraPlus\helpers\Cyberpunk.lua:5: in main chunk
	[C]: in function 'require'
	...4\plugins\cyber_engine_tweaks\mods\UltraPlus\setmode.lua:5: in main chunk
	[C]: in function 'require'
	...ns\cyber_engine_tweaks\mods\UltraPlus\helpers\config.lua:5: in main chunk
	[C]: in function 'require'
	...cyber_engine_tweaks\mods\UltraPlus\helpers\Cyberpunk.lua:5: in main chunk
	[C]: in function 'require'
	...
	...4\plugins\cyber_engine_tweaks\mods\UltraPlus\setmode.lua:5: in main chunk
	[C]: in function 'require'
	...ns\cyber_engine_tweaks\mods\UltraPlus\helpers\config.lua:5: in main chunk
	[C]: in function 'require'
	...cyber_engine_tweaks\mods\UltraPlus\helpers\Cyberpunk.lua:5: in main chunk
	[C]: in function 'require'
	...4\plugins\cyber_engine_tweaks\mods\UltraPlus\setmode.lua:5: in main chunk
	[C]: in function 'require'
	...ns\cyber_engine_tweaks\mods\UltraPlus\helpers\config.lua:5: in main chunk
	[C]: in function 'require'
	init.lua:27: in main chunk
[2024-07-26 10:30:38 UTC+02:00] [25544] Error: Cannot load module 'helpers/config': ...ns\cyber_engine_tweaks\mods\UltraPlus\helpers\config.lua:5: attempt to index a nil value
stack traceback:
	...ns\cyber_engine_tweaks\mods\UltraPlus\helpers\config.lua:5: in main chunk
	[C]: in function 'require'
	...cyber_engine_tweaks\mods\UltraPlus\helpers\Cyberpunk.lua:5: in main chunk
	[C]: in function 'require'
	...4\plugins\cyber_engine_tweaks\mods\UltraPlus\setmode.lua:5: in main chunk
	[C]: in function 'require'
	...ns\cyber_engine_tweaks\mods\UltraPlus\helpers\config.lua:5: in main chunk
	[C]: in function 'require'
	...cyber_engine_tweaks\mods\UltraPlus\helpers\Cyberpunk.lua:5: in main chunk
	[C]: in function 'require'
	...
	...4\plugins\cyber_engine_tweaks\mods\UltraPlus\setmode.lua:5: in main chunk
	[C]: in function 'require'
	...ns\cyber_engine_tweaks\mods\UltraPlus\helpers\config.lua:5: in main chunk
	[C]: in function 'require'
	...cyber_engine_tweaks\mods\UltraPlus\helpers\Cyberpunk.lua:5: in main chunk
	[C]: in function 'require'
	...4\plugins\cyber_engine_tweaks\mods\UltraPlus\setmode.lua:5: in main chunk
	[C]: in function 'require'
	...ns\cyber_engine_tweaks\mods\UltraPlus\helpers\config.lua:5: in main chunk
	[C]: in function 'require'
	init.lua:27: in main chunk
[2024-07-26 10:31:00 UTC+02:00] [25544] Error: Cannot load module 'helpers/config': ...ns\cyber_engine_tweaks\mods\UltraPlus\helpers\config.lua:5: attempt to index a nil value
stack traceback:
	...ns\cyber_engine_tweaks\mods\UltraPlus\helpers\config.lua:5: in main chunk
	[C]: in function 'require'
	...cyber_engine_tweaks\mods\UltraPlus\helpers\Cyberpunk.lua:5: in main chunk
	[C]: in function 'require'
	...4\plugins\cyber_engine_tweaks\mods\UltraPlus\setmode.lua:5: in main chunk
	[C]: in function 'require'
	...ns\cyber_engine_tweaks\mods\UltraPlus\helpers\config.lua:5: in main chunk
	[C]: in function 'require'
	...cyber_engine_tweaks\mods\UltraPlus\helpers\Cyberpunk.lua:5: in main chunk
	[C]: in function 'require'
	...
	...4\plugins\cyber_engine_tweaks\mods\UltraPlus\setmode.lua:5: in main chunk
	[C]: in function 'require'
	...ns\cyber_engine_tweaks\mods\UltraPlus\helpers\config.lua:5: in main chunk
	[C]: in function 'require'
	...cyber_engine_tweaks\mods\UltraPlus\helpers\Cyberpunk.lua:5: in main chunk
	[C]: in function 'require'
	...4\plugins\cyber_engine_tweaks\mods\UltraPlus\setmode.lua:5: in main chunk
	[C]: in function 'require'
	...ns\cyber_engine_tweaks\mods\UltraPlus\helpers\config.lua:5: in main chunk
	[C]: in function 'require'
	init.lua:27: in main chunk
[2024-07-26 10:32:11 UTC+02:00] [25544] Error: Cannot load module 'helpers/config': ...ns\cyber_engine_tweaks\mods\UltraPlus\helpers\config.lua:5: attempt to index a nil value
stack traceback:
	...ns\cyber_engine_tweaks\mods\UltraPlus\helpers\config.lua:5: in main chunk
	[C]: in function 'require'
	...cyber_engine_tweaks\mods\UltraPlus\helpers\Cyberpunk.lua:5: in main chunk
	[C]: in function 'require'
	...4\plugins\cyber_engine_tweaks\mods\UltraPlus\setmode.lua:5: in main chunk
	[C]: in function 'require'
	...ns\cyber_engine_tweaks\mods\UltraPlus\helpers\config.lua:5: in main chunk
	[C]: in function 'require'
	...cyber_engine_tweaks\mods\UltraPlus\helpers\Cyberpunk.lua:5: in main chunk
	[C]: in function 'require'
	...
	...4\plugins\cyber_engine_tweaks\mods\UltraPlus\setmode.lua:5: in main chunk
	[C]: in function 'require'
	...ns\cyber_engine_tweaks\mods\UltraPlus\helpers\config.lua:5: in main chunk
	[C]: in function 'require'
	...cyber_engine_tweaks\mods\UltraPlus\helpers\Cyberpunk.lua:5: in main chunk
	[C]: in function 'require'
	...4\plugins\cyber_engine_tweaks\mods\UltraPlus\setmode.lua:5: in main chunk
	[C]: in function 'require'
	...ns\cyber_engine_tweaks\mods\UltraPlus\helpers\config.lua:5: in main chunk
	[C]: in function 'require'
	init.lua:27: in main chunk
[2024-07-26 10:32:27 UTC+02:00] [25544] Error: Cannot load module 'helpers/config': ...ns\cyber_engine_tweaks\mods\UltraPlus\helpers\config.lua:5: attempt to index a nil value
stack traceback:
	...ns\cyber_engine_tweaks\mods\UltraPlus\helpers\config.lua:5: in main chunk
	[C]: in function 'require'
	...cyber_engine_tweaks\mods\UltraPlus\helpers\Cyberpunk.lua:5: in main chunk
	[C]: in function 'require'
	...4\plugins\cyber_engine_tweaks\mods\UltraPlus\setmode.lua:5: in main chunk
	[C]: in function 'require'
	...ns\cyber_engine_tweaks\mods\UltraPlus\helpers\config.lua:5: in main chunk
	[C]: in function 'require'
	...cyber_engine_tweaks\mods\UltraPlus\helpers\Cyberpunk.lua:5: in main chunk
	[C]: in function 'require'
	...
	...4\plugins\cyber_engine_tweaks\mods\UltraPlus\setmode.lua:5: in main chunk
	[C]: in function 'require'
	...ns\cyber_engine_tweaks\mods\UltraPlus\helpers\config.lua:5: in main chunk
	[C]: in function 'require'
	...cyber_engine_tweaks\mods\UltraPlus\helpers\Cyberpunk.lua:5: in main chunk
	[C]: in function 'require'
	...4\plugins\cyber_engine_tweaks\mods\UltraPlus\setmode.lua:5: in main chunk
	[C]: in function 'require'
	...ns\cyber_engine_tweaks\mods\UltraPlus\helpers\config.lua:5: in main chunk
	[C]: in function 'require'
	init.lua:27: in main chunk
[2024-07-26 10:32:48 UTC+02:00] [25544] Error: Cannot load module 'helpers/config': ...ns\cyber_engine_tweaks\mods\UltraPlus\helpers\config.lua:5: attempt to index a nil value
stack traceback:
	...ns\cyber_engine_tweaks\mods\UltraPlus\helpers\config.lua:5: in main chunk
	[C]: in function 'require'
	...cyber_engine_tweaks\mods\UltraPlus\helpers\Cyberpunk.lua:5: in main chunk
	[C]: in function 'require'
	...4\plugins\cyber_engine_tweaks\mods\UltraPlus\setmode.lua:5: in main chunk
	[C]: in function 'require'
	...ns\cyber_engine_tweaks\mods\UltraPlus\helpers\config.lua:5: in main chunk
	[C]: in function 'require'
	...cyber_engine_tweaks\mods\UltraPlus\helpers\Cyberpunk.lua:5: in main chunk
	[C]: in function 'require'
	...
	...4\plugins\cyber_engine_tweaks\mods\UltraPlus\setmode.lua:5: in main chunk
	[C]: in function 'require'
	...ns\cyber_engine_tweaks\mods\UltraPlus\helpers\config.lua:5: in main chunk
	[C]: in function 'require'
	...cyber_engine_tweaks\mods\UltraPlus\helpers\Cyberpunk.lua:5: in main chunk
	[C]: in function 'require'
	...4\plugins\cyber_engine_tweaks\mods\UltraPlus\setmode.lua:5: in main chunk
	[C]: in function 'require'
	...ns\cyber_engine_tweaks\mods\UltraPlus\helpers\config.lua:5: in main chunk
	[C]: in function 'require'
	init.lua:27: in main chunk
[2024-07-26 10:36:26 UTC+02:00] [25544] Error: Cannot load module 'helpers/config': ...ns\cyber_engine_tweaks\mods\UltraPlus\helpers\config.lua:5: attempt to index a nil value
stack traceback:
	...ns\cyber_engine_tweaks\mods\UltraPlus\helpers\config.lua:5: in main chunk
	[C]: in function 'require'
	...cyber_engine_tweaks\mods\UltraPlus\helpers\Cyberpunk.lua:5: in main chunk
	[C]: in function 'require'
	...4\plugins\cyber_engine_tweaks\mods\UltraPlus\setmode.lua:5: in main chunk
	[C]: in function 'require'
	...ns\cyber_engine_tweaks\mods\UltraPlus\helpers\config.lua:5: in main chunk
	[C]: in function 'require'
	...cyber_engine_tweaks\mods\UltraPlus\helpers\Cyberpunk.lua:5: in main chunk
	[C]: in function 'require'
	...
	...4\plugins\cyber_engine_tweaks\mods\UltraPlus\setmode.lua:5: in main chunk
	[C]: in function 'require'
	...ns\cyber_engine_tweaks\mods\UltraPlus\helpers\config.lua:5: in main chunk
	[C]: in function 'require'
	...cyber_engine_tweaks\mods\UltraPlus\helpers\Cyberpunk.lua:5: in main chunk
	[C]: in function 'require'
	...4\plugins\cyber_engine_tweaks\mods\UltraPlus\setmode.lua:5: in main chunk
	[C]: in function 'require'
	...ns\cyber_engine_tweaks\mods\UltraPlus\helpers\config.lua:5: in main chunk
	[C]: in function 'require'
	init.lua:27: in main chunk
